0 info it worked if it ends with ok
1 verbose cli [ '/Users/rstankov/.nvm/versions/node/v5.1.0/bin/node',
1 verbose cli   '/Users/rstankov/.nvm/versions/node/v5.1.0/bin/npm',
1 verbose cli   'start' ]
2 info using npm@3.3.12
3 info using node@v5.1.0
4 verbose stack Error: ENOENT: no such file or directory, open '/Users/rstankov/Desktop/talk-example/_example/01_react/package.json'
4 verbose stack     at Error (native)
5 verbose cwd /Users/rstankov/Desktop/talk-example/_example/01_react
6 error Darwin 15.4.0
7 error argv "/Users/rstankov/.nvm/versions/node/v5.1.0/bin/node" "/Users/rstankov/.nvm/versions/node/v5.1.0/bin/npm" "start"
8 error node v5.1.0
9 error npm  v3.3.12
10 error path /Users/rstankov/Desktop/talk-example/_example/01_react/package.json
11 error code ENOENT
12 error errno -2
13 error syscall open
14 error enoent ENOENT: no such file or directory, open '/Users/rstankov/Desktop/talk-example/_example/01_react/package.json'
14 error enoent This is most likely not a problem with npm itself
14 error enoent and is related to npm not being able to find a file.
15 verbose exit [ -2, true ]
